<?xml version="1.0" encoding="UTF-8"?>
<!-- Generated by org.testng.reporters.JUnitReportReporter -->
<testsuite hostname="DESKTOP-QDGLI2D" failures="0" tests="1" name="projects.Check_Web_Enabled_DEL" time="22.091" errors="0" timestamp="2024-06-03T15:26:48 IST" skipped="0">
  <testcase classname="projects.Check_Web_Enabled_DEL" name="webenabledcheck" time="22.091"/>
</testsuite> <!-- projects.Check_Web_Enabled_DEL -->
