<?xml version="1.0" encoding="UTF-8"?>
<!-- Generated by org.testng.reporters.JUnitReportReporter -->
<testsuite hostname="Dibyansh_Verma" failures="0" tests="1" name="projects.Electmaint_Make_Election" time="50.877" errors="0" timestamp="2024-06-05T19:54:14 IST" skipped="0">
  <testcase classname="projects.Electmaint_Make_Election" name="TakeMakeElectionScreenShot" time="50.877"/>
</testsuite> <!-- projects.Electmaint_Make_Election -->
