<?xml version="1.0" encoding="UTF-8"?>
<!-- Generated by org.testng.reporters.JUnitReportReporter -->
<testsuite hostname="DESKTOP-QDGLI2D" failures="0" tests="1" name="projects.Electmaint_Make_Election" time="858.694" errors="0" timestamp="2024-06-06T12:17:35 IST" skipped="0">
  <testcase classname="projects.Electmaint_Make_Election" name="TakeMakeElectionScreenShot" time="858.694"/>
</testsuite> <!-- projects.Electmaint_Make_Election -->
