<?xml version="1.0" encoding="UTF-8"?>
<!-- Generated by org.testng.reporters.JUnitReportReporter -->
<testsuite hostname="Dibyansh_Verma" failures="0" tests="1" name="projects.Check_Web_Enabled_DEL" time="14.437" errors="0" timestamp="2024-06-05T19:48:14 IST" skipped="0">
  <testcase classname="projects.Check_Web_Enabled_DEL" name="webenabledcheck" time="14.437"/>
</testsuite> <!-- projects.Check_Web_Enabled_DEL -->
